<?xml version="1.0" encoding="UTF-8"?>
<!-- Generated by org.testng.reporters.JUnitXMLReporter -->
<testsuite hostname="MLC02F62ECMD6N.cardinalhealth.net" ignored="0" name="Connect Platform Test" tests="28" failures="7" timestamp="2022-04-29T19:02:37 IST" time="1049.045" errors="0">
  <testcase name="login_Validation" time="21.96" classname="com.ch.tests.LoginPageTest"/>
  <testcase name="forgotpasswordmissingfields_Validation" time="7.171" classname="com.ch.tests.LoginPageTest"/>
  <testcase name="forgotusernameinvaliddata_Validation" time="4.959" classname="com.ch.tests.LoginPageTest"/>
  <testcase name="forgotusernamemissingfields_Validation" time="2.393" classname="com.ch.tests.LoginPageTest"/>
  <testcase name="forgotusernamesuccessmsg_Validation" time="6.19" classname="com.ch.tests.LoginPageTest"/>
  <testcase name="signupexistingusername_errorvalidation" time="8.459" classname="com.ch.tests.LoginPageTest"/>
  <testcase name="signupmissingfields_Validation" time="2.061" classname="com.ch.tests.LoginPageTest"/>
  <testcase name="signupsuccessful_Validation" time="12.906" classname="com.ch.tests.LoginPageTest"/>
  <testcase name="mainmenu_Validation" time="5.128" classname="com.ch.tests.MenuPageTest">
    <failure type="org.openqa.selenium.NoSuchElementException" message="no such element: Unable to locate element: {&amp;quot;method&amp;quot;:&amp;quot;xpath&amp;quot;,&amp;quot;selector&amp;quot;:&amp;quot;/html/body/div[1]/div[1]/div[3]/div[2]/div/div[1]/div[4]/div[2]/div[1]/div[2]/a/div&amp;quot;}
  (Session info: headless chrome=100.0.4896.127)
For documentation on this error, please visit: https://selenium.dev/exceptions/#no_such_element
Build info: version: &amp;apos;4.1.2&amp;apos;, revision: &amp;apos;9a5a329c5a&amp;apos;
System info: host: &amp;apos;MLC02F62ECMD6N.cardinalhealth.net&amp;apos;, ip: &amp;apos;192.168.1.6&amp;apos;, os.name: &amp;apos;Mac OS X&amp;apos;, os.arch: &amp;apos;x86_64&amp;apos;, os.version: &amp;apos;10.16&amp;apos;, java.version: &amp;apos;1.8.0_291&amp;apos;
Driver info: org.openqa.selenium.chrome.ChromeDriver
Command: [7c4fb0a49dc599d9b32e129bf974e5b7, findElement {using=xpath, value=/html/body/div[1]/div[1]/div[3]/div[2]/div/div[1]/div[4]/div[2]/div[1]/div[2]/a/div}]
Capabilities {acceptInsecureCerts: true, browserName: chrome, browserVersion: 100.0.4896.127, chrome: {chromedriverVersion: 100.0.4896.60 (6a5d10861ce8..., userDataDir: /var/folders/36/36h2rrmd10j...}, goog:chromeOptions: {debuggerAddress: localhost:49281}, javascriptEnabled: true, networkConnectionEnabled: false, pageLoadStrategy: normal, platform: MAC, platformName: MAC, proxy: Proxy(), se:cdp: ws://localhost:49281/devtoo..., se:cdpVersion: 100.0.4896.127, setWindowRect: true, strictFileInteractability: false, timeouts: {implicit: 0, pageLoad: 300000, script: 30000}, unhandledPromptBehavior: dismiss and notify, webauthn:extension:credBlob: true, webauthn:extension:largeBlob: true, webauthn:virtualAuthenticators: true}
Session ID: 7c4fb0a49dc599d9b32e129bf974e5b7">
      <![CDATA[org.openqa.selenium.NoSuchElementException: no such element: Unable to locate element: {"method":"xpath","selector":"/html/body/div[1]/div[1]/div[3]/div[2]/div/div[1]/div[4]/div[2]/div[1]/div[2]/a/div"}
  (Session info: headless chrome=100.0.4896.127)
For documentation on this error, please visit: https://selenium.dev/exceptions/#no_such_element
Build info: version: '4.1.2', revision: '9a5a329c5a'
System info: host: 'MLC02F62ECMD6N.cardinalhealth.net', ip: '192.168.1.6', os.name: 'Mac OS X', os.arch: 'x86_64', os.version: '10.16', java.version: '1.8.0_291'
Driver info: org.openqa.selenium.chrome.ChromeDriver
Command: [7c4fb0a49dc599d9b32e129bf974e5b7, findElement {using=xpath, value=/html/body/div[1]/div[1]/div[3]/div[2]/div/div[1]/div[4]/div[2]/div[1]/div[2]/a/div}]
Capabilities {acceptInsecureCerts: true, browserName: chrome, browserVersion: 100.0.4896.127, chrome: {chromedriverVersion: 100.0.4896.60 (6a5d10861ce8..., userDataDir: /var/folders/36/36h2rrmd10j...}, goog:chromeOptions: {debuggerAddress: localhost:49281}, javascriptEnabled: true, networkConnectionEnabled: false, pageLoadStrategy: normal, platform: MAC, platformName: MAC, proxy: Proxy(), se:cdp: ws://localhost:49281/devtoo..., se:cdpVersion: 100.0.4896.127, setWindowRect: true, strictFileInteractability: false, timeouts: {implicit: 0, pageLoad: 300000, script: 30000}, unhandledPromptBehavior: dismiss and notify, webauthn:extension:credBlob: true, webauthn:extension:largeBlob: true, webauthn:virtualAuthenticators: true}
Session ID: 7c4fb0a49dc599d9b32e129bf974e5b7
at org.openqa.selenium.remote.codec.w3c.W3CHttpResponseCodec.createException(W3CHttpResponseCodec.java:200)
at org.openqa.selenium.remote.codec.w3c.W3CHttpResponseCodec.decode(W3CHttpResponseCodec.java:133)
at org.openqa.selenium.remote.codec.w3c.W3CHttpResponseCodec.decode(W3CHttpResponseCodec.java:53)
at org.openqa.selenium.remote.HttpCommandExecutor.execute(HttpCommandExecutor.java:184)
at org.openqa.selenium.remote.service.DriverCommandExecutor.invokeExecute(DriverCommandExecutor.java:167)
at org.openqa.selenium.remote.service.DriverCommandExecutor.execute(DriverCommandExecutor.java:142)
at org.openqa.selenium.remote.RemoteWebDriver.execute(RemoteWebDriver.java:558)
at org.openqa.selenium.remote.ElementLocation$ElementFinder$2.findElement(ElementLocation.java:162)
at org.openqa.selenium.remote.ElementLocation.findElement(ElementLocation.java:60)
at org.openqa.selenium.remote.RemoteWebDriver.findElement(RemoteWebDriver.java:382)
at org.openqa.selenium.remote.RemoteWebDriver.findElement(RemoteWebDriver.java:374)
at org.openqa.selenium.support.pagefactory.DefaultElementLocator.findElement(DefaultElementLocator.java:70)
at org.openqa.selenium.support.pagefactory.internal.LocatingElementHandler.invoke(LocatingElementHandler.java:39)
at com.sun.proxy.$Proxy14.isDisplayed(Unknown Source)
at com.ch.pages.MenuPage.mainmenuValidation(MenuPage.java:67)
at com.ch.tests.MenuPageTest.mainmenu_Validation(MenuPageTest.java:46)
at java.util.ArrayList.forEach(ArrayList.java:1259)
... Removed 31 stack frames]]>
    </failure>
  </testcase> <!-- mainmenu_Validation -->
  <testcase name="dashboardpage_adherence_validation" time="8.537" classname="com.ch.tests.DashboardPageTest"/>
  <testcase name="dashboardpage_claimsreviewandresubmit_validation" time="20.025" classname="com.ch.tests.DashboardPageTest">
    <failure type="org.openqa.selenium.NoSuchElementException" message="no such element: Unable to locate element: {&amp;quot;method&amp;quot;:&amp;quot;xpath&amp;quot;,&amp;quot;selector&amp;quot;:&amp;quot;/html[1]/body[1]/div[1]/div[1]/div[3]/div[3]/div[1]/div[1]/div[1]/div[1]/a[1]/div[2]/div[1]&amp;quot;}
  (Session info: headless chrome=100.0.4896.127)
For documentation on this error, please visit: https://selenium.dev/exceptions/#no_such_element
Build info: version: &amp;apos;4.1.2&amp;apos;, revision: &amp;apos;9a5a329c5a&amp;apos;
System info: host: &amp;apos;MLC02F62ECMD6N.cardinalhealth.net&amp;apos;, ip: &amp;apos;192.168.1.6&amp;apos;, os.name: &amp;apos;Mac OS X&amp;apos;, os.arch: &amp;apos;x86_64&amp;apos;, os.version: &amp;apos;10.16&amp;apos;, java.version: &amp;apos;1.8.0_291&amp;apos;
Driver info: org.openqa.selenium.chrome.ChromeDriver
Command: [80fefcf253c9c2f475f60b700630c879, findElement {using=xpath, value=/html[1]/body[1]/div[1]/div[1]/div[3]/div[3]/div[1]/div[1]/div[1]/div[1]/a[1]/div[2]/div[1]}]
Capabilities {acceptInsecureCerts: true, browserName: chrome, browserVersion: 100.0.4896.127, chrome: {chromedriverVersion: 100.0.4896.60 (6a5d10861ce8..., userDataDir: /var/folders/36/36h2rrmd10j...}, goog:chromeOptions: {debuggerAddress: localhost:49678}, javascriptEnabled: true, networkConnectionEnabled: false, pageLoadStrategy: normal, platform: MAC, platformName: MAC, proxy: Proxy(), se:cdp: ws://localhost:49678/devtoo..., se:cdpVersion: 100.0.4896.127, setWindowRect: true, strictFileInteractability: false, timeouts: {implicit: 0, pageLoad: 300000, script: 30000}, unhandledPromptBehavior: dismiss and notify, webauthn:extension:credBlob: true, webauthn:extension:largeBlob: true, webauthn:virtualAuthenticators: true}
Session ID: 80fefcf253c9c2f475f60b700630c879">
      <![CDATA[org.openqa.selenium.NoSuchElementException: no such element: Unable to locate element: {"method":"xpath","selector":"/html[1]/body[1]/div[1]/div[1]/div[3]/div[3]/div[1]/div[1]/div[1]/div[1]/a[1]/div[2]/div[1]"}
  (Session info: headless chrome=100.0.4896.127)
For documentation on this error, please visit: https://selenium.dev/exceptions/#no_such_element
Build info: version: '4.1.2', revision: '9a5a329c5a'
System info: host: 'MLC02F62ECMD6N.cardinalhealth.net', ip: '192.168.1.6', os.name: 'Mac OS X', os.arch: 'x86_64', os.version: '10.16', java.version: '1.8.0_291'
Driver info: org.openqa.selenium.chrome.ChromeDriver
Command: [80fefcf253c9c2f475f60b700630c879, findElement {using=xpath, value=/html[1]/body[1]/div[1]/div[1]/div[3]/div[3]/div[1]/div[1]/div[1]/div[1]/a[1]/div[2]/div[1]}]
Capabilities {acceptInsecureCerts: true, browserName: chrome, browserVersion: 100.0.4896.127, chrome: {chromedriverVersion: 100.0.4896.60 (6a5d10861ce8..., userDataDir: /var/folders/36/36h2rrmd10j...}, goog:chromeOptions: {debuggerAddress: localhost:49678}, javascriptEnabled: true, networkConnectionEnabled: false, pageLoadStrategy: normal, platform: MAC, platformName: MAC, proxy: Proxy(), se:cdp: ws://localhost:49678/devtoo..., se:cdpVersion: 100.0.4896.127, setWindowRect: true, strictFileInteractability: false, timeouts: {implicit: 0, pageLoad: 300000, script: 30000}, unhandledPromptBehavior: dismiss and notify, webauthn:extension:credBlob: true, webauthn:extension:largeBlob: true, webauthn:virtualAuthenticators: true}
Session ID: 80fefcf253c9c2f475f60b700630c879
at org.openqa.selenium.remote.codec.w3c.W3CHttpResponseCodec.createException(W3CHttpResponseCodec.java:200)
at org.openqa.selenium.remote.codec.w3c.W3CHttpResponseCodec.decode(W3CHttpResponseCodec.java:133)
at org.openqa.selenium.remote.codec.w3c.W3CHttpResponseCodec.decode(W3CHttpResponseCodec.java:53)
at org.openqa.selenium.remote.HttpCommandExecutor.execute(HttpCommandExecutor.java:184)
at org.openqa.selenium.remote.service.DriverCommandExecutor.invokeExecute(DriverCommandExecutor.java:167)
at org.openqa.selenium.remote.service.DriverCommandExecutor.execute(DriverCommandExecutor.java:142)
at org.openqa.selenium.remote.RemoteWebDriver.execute(RemoteWebDriver.java:558)
at org.openqa.selenium.remote.ElementLocation$ElementFinder$2.findElement(ElementLocation.java:162)
at org.openqa.selenium.remote.ElementLocation.findElement(ElementLocation.java:60)
at org.openqa.selenium.remote.RemoteWebDriver.findElement(RemoteWebDriver.java:382)
at org.openqa.selenium.remote.RemoteWebDriver.findElement(RemoteWebDriver.java:374)
at org.openqa.selenium.support.pagefactory.DefaultElementLocator.findElement(DefaultElementLocator.java:70)
at org.openqa.selenium.support.pagefactory.internal.LocatingElementHandler.invoke(LocatingElementHandler.java:39)
at com.sun.proxy.$Proxy14.getAttribute(Unknown Source)
at com.ch.tests.DashboardPageTest.dashboardpage_claimsreviewandresubmit_validation(DashboardPageTest.java:122)
at java.util.ArrayList.forEach(ArrayList.java:1259)
... Removed 31 stack frames]]>
    </failure>
  </testcase> <!-- dashboardpage_claimsreviewandresubmit_validation -->
  <testcase name="dashboardpage_patientsinprogress_validation" time="20.027" classname="com.ch.tests.DashboardPageTest">
    <failure type="org.openqa.selenium.NoSuchElementException" message="no such element: Unable to locate element: {&amp;quot;method&amp;quot;:&amp;quot;xpath&amp;quot;,&amp;quot;selector&amp;quot;:&amp;quot;/html[1]/body[1]/div[1]/div[1]/div[3]/div[3]/div[1]/div[1]/div[1]/div[1]/a[2]/div[2]/div[1]&amp;quot;}
  (Session info: headless chrome=100.0.4896.127)
For documentation on this error, please visit: https://selenium.dev/exceptions/#no_such_element
Build info: version: &amp;apos;4.1.2&amp;apos;, revision: &amp;apos;9a5a329c5a&amp;apos;
System info: host: &amp;apos;MLC02F62ECMD6N.cardinalhealth.net&amp;apos;, ip: &amp;apos;192.168.1.6&amp;apos;, os.name: &amp;apos;Mac OS X&amp;apos;, os.arch: &amp;apos;x86_64&amp;apos;, os.version: &amp;apos;10.16&amp;apos;, java.version: &amp;apos;1.8.0_291&amp;apos;
Driver info: org.openqa.selenium.chrome.ChromeDriver
Command: [8156be729f2accf385410010bbc21eb2, findElement {using=xpath, value=/html[1]/body[1]/div[1]/div[1]/div[3]/div[3]/div[1]/div[1]/div[1]/div[1]/a[2]/div[2]/div[1]}]
Capabilities {acceptInsecureCerts: true, browserName: chrome, browserVersion: 100.0.4896.127, chrome: {chromedriverVersion: 100.0.4896.60 (6a5d10861ce8..., userDataDir: /var/folders/36/36h2rrmd10j...}, goog:chromeOptions: {debuggerAddress: localhost:49929}, javascriptEnabled: true, networkConnectionEnabled: false, pageLoadStrategy: normal, platform: MAC, platformName: MAC, proxy: Proxy(), se:cdp: ws://localhost:49929/devtoo..., se:cdpVersion: 100.0.4896.127, setWindowRect: true, strictFileInteractability: false, timeouts: {implicit: 0, pageLoad: 300000, script: 30000}, unhandledPromptBehavior: dismiss and notify, webauthn:extension:credBlob: true, webauthn:extension:largeBlob: true, webauthn:virtualAuthenticators: true}
Session ID: 8156be729f2accf385410010bbc21eb2">
      <![CDATA[org.openqa.selenium.NoSuchElementException: no such element: Unable to locate element: {"method":"xpath","selector":"/html[1]/body[1]/div[1]/div[1]/div[3]/div[3]/div[1]/div[1]/div[1]/div[1]/a[2]/div[2]/div[1]"}
  (Session info: headless chrome=100.0.4896.127)
For documentation on this error, please visit: https://selenium.dev/exceptions/#no_such_element
Build info: version: '4.1.2', revision: '9a5a329c5a'
System info: host: 'MLC02F62ECMD6N.cardinalhealth.net', ip: '192.168.1.6', os.name: 'Mac OS X', os.arch: 'x86_64', os.version: '10.16', java.version: '1.8.0_291'
Driver info: org.openqa.selenium.chrome.ChromeDriver
Command: [8156be729f2accf385410010bbc21eb2, findElement {using=xpath, value=/html[1]/body[1]/div[1]/div[1]/div[3]/div[3]/div[1]/div[1]/div[1]/div[1]/a[2]/div[2]/div[1]}]
Capabilities {acceptInsecureCerts: true, browserName: chrome, browserVersion: 100.0.4896.127, chrome: {chromedriverVersion: 100.0.4896.60 (6a5d10861ce8..., userDataDir: /var/folders/36/36h2rrmd10j...}, goog:chromeOptions: {debuggerAddress: localhost:49929}, javascriptEnabled: true, networkConnectionEnabled: false, pageLoadStrategy: normal, platform: MAC, platformName: MAC, proxy: Proxy(), se:cdp: ws://localhost:49929/devtoo..., se:cdpVersion: 100.0.4896.127, setWindowRect: true, strictFileInteractability: false, timeouts: {implicit: 0, pageLoad: 300000, script: 30000}, unhandledPromptBehavior: dismiss and notify, webauthn:extension:credBlob: true, webauthn:extension:largeBlob: true, webauthn:virtualAuthenticators: true}
Session ID: 8156be729f2accf385410010bbc21eb2
at org.openqa.selenium.remote.codec.w3c.W3CHttpResponseCodec.createException(W3CHttpResponseCodec.java:200)
at org.openqa.selenium.remote.codec.w3c.W3CHttpResponseCodec.decode(W3CHttpResponseCodec.java:133)
at org.openqa.selenium.remote.codec.w3c.W3CHttpResponseCodec.decode(W3CHttpResponseCodec.java:53)
at org.openqa.selenium.remote.HttpCommandExecutor.execute(HttpCommandExecutor.java:184)
at org.openqa.selenium.remote.service.DriverCommandExecutor.invokeExecute(DriverCommandExecutor.java:167)
at org.openqa.selenium.remote.service.DriverCommandExecutor.execute(DriverCommandExecutor.java:142)
at org.openqa.selenium.remote.RemoteWebDriver.execute(RemoteWebDriver.java:558)
at org.openqa.selenium.remote.ElementLocation$ElementFinder$2.findElement(ElementLocation.java:162)
at org.openqa.selenium.remote.ElementLocation.findElement(ElementLocation.java:60)
at org.openqa.selenium.remote.RemoteWebDriver.findElement(RemoteWebDriver.java:382)
at org.openqa.selenium.remote.RemoteWebDriver.findElement(RemoteWebDriver.java:374)
at org.openqa.selenium.support.pagefactory.DefaultElementLocator.findElement(DefaultElementLocator.java:70)
at org.openqa.selenium.support.pagefactory.internal.LocatingElementHandler.invoke(LocatingElementHandler.java:39)
at com.sun.proxy.$Proxy14.getAttribute(Unknown Source)
at com.ch.tests.DashboardPageTest.dashboardpage_patientsinprogress_validation(DashboardPageTest.java:137)
at java.util.ArrayList.forEach(ArrayList.java:1259)
... Removed 31 stack frames]]>
    </failure>
  </testcase> <!-- dashboardpage_patientsinprogress_validation -->
  <testcase name="dashboardpage_scheduledcmrs_validation" time="8.149" classname="com.ch.tests.DashboardPageTest"/>
  <testcase name="dashboardpagemultiplesearch_validation" time="47.519" classname="com.ch.tests.DashboardPageTest"/>
  <testcase name="personalinfo_Validation" time="15.966" classname="com.ch.tests.PersonalInfoPageTest">
    <failure type="java.lang.AssertionError" message="expected [Outcomes Sample Policy 1] but found [Policy]">
      <![CDATA[java.lang.AssertionError: expected [Outcomes Sample Policy 1] but found [Policy]
at com.ch.pages.PersonalInfoPage.patientinfodetails_validation(PersonalInfoPage.java:211)
at com.ch.tests.PersonalInfoPageTest.personalinfo_Validation(PersonalInfoPageTest.java:86)
at java.util.ArrayList.forEach(ArrayList.java:1259)
... Removed 33 stack frames]]>
    </failure>
  </testcase> <!-- personalinfo_Validation -->
  <testcase name="accountsecurityPage_Validation" time="12.273" classname="com.ch.tests.AccountsecurityPageTest"/>
  <testcase name="changepasswordfield_Validation" time="16.785" classname="com.ch.tests.AccountsecurityPageTest"/>
  <testcase name="changesecurityanswer_Validation" time="21.893" classname="com.ch.tests.AccountsecurityPageTest"/>
  <testcase name="passwordmismatch_Validation" time="15.385" classname="com.ch.tests.AccountsecurityPageTest"/>
  <testcase name="passwordsecurityreq_Validation" time="14.343" classname="com.ch.tests.AccountsecurityPageTest"/>
  <testcase name="profilepageMissingdata_Validation" time="10.386" classname="com.ch.tests.ProfilePageTest">
    <failure type="org.openqa.selenium.NoSuchElementException" message="no such element: Unable to locate element: {&amp;quot;method&amp;quot;:&amp;quot;xpath&amp;quot;,&amp;quot;selector&amp;quot;:&amp;quot;/html[1]/body[1]/div[2]/div[1]/div[2]/connect-platform-navigation[1]/div[1]/div[1]/div[4]/div[2]/div[2]/a[1]/div[1]/div[1]&amp;quot;}
  (Session info: headless chrome=100.0.4896.127)
For documentation on this error, please visit: https://selenium.dev/exceptions/#no_such_element
Build info: version: &amp;apos;4.1.2&amp;apos;, revision: &amp;apos;9a5a329c5a&amp;apos;
System info: host: &amp;apos;MLC02F62ECMD6N.cardinalhealth.net&amp;apos;, ip: &amp;apos;192.168.1.6&amp;apos;, os.name: &amp;apos;Mac OS X&amp;apos;, os.arch: &amp;apos;x86_64&amp;apos;, os.version: &amp;apos;10.16&amp;apos;, java.version: &amp;apos;1.8.0_291&amp;apos;
Driver info: org.openqa.selenium.chrome.ChromeDriver
Command: [24d28c691ecad79aef1b8c5f4dcde77c, findElement {using=xpath, value=/html[1]/body[1]/div[2]/div[1]/div[2]/connect-platform-navigation[1]/div[1]/div[1]/div[4]/div[2]/div[2]/a[1]/div[1]/div[1]}]
Capabilities {acceptInsecureCerts: true, browserName: chrome, browserVersion: 100.0.4896.127, chrome: {chromedriverVersion: 100.0.4896.60 (6a5d10861ce8..., userDataDir: /var/folders/36/36h2rrmd10j...}, goog:chromeOptions: {debuggerAddress: localhost:51963}, javascriptEnabled: true, networkConnectionEnabled: false, pageLoadStrategy: normal, platform: MAC, platformName: MAC, proxy: Proxy(), se:cdp: ws://localhost:51963/devtoo..., se:cdpVersion: 100.0.4896.127, setWindowRect: true, strictFileInteractability: false, timeouts: {implicit: 0, pageLoad: 300000, script: 30000}, unhandledPromptBehavior: dismiss and notify, webauthn:extension:credBlob: true, webauthn:extension:largeBlob: true, webauthn:virtualAuthenticators: true}
Session ID: 24d28c691ecad79aef1b8c5f4dcde77c">
      <![CDATA[org.openqa.selenium.NoSuchElementException: no such element: Unable to locate element: {"method":"xpath","selector":"/html[1]/body[1]/div[2]/div[1]/div[2]/connect-platform-navigation[1]/div[1]/div[1]/div[4]/div[2]/div[2]/a[1]/div[1]/div[1]"}
  (Session info: headless chrome=100.0.4896.127)
For documentation on this error, please visit: https://selenium.dev/exceptions/#no_such_element
Build info: version: '4.1.2', revision: '9a5a329c5a'
System info: host: 'MLC02F62ECMD6N.cardinalhealth.net', ip: '192.168.1.6', os.name: 'Mac OS X', os.arch: 'x86_64', os.version: '10.16', java.version: '1.8.0_291'
Driver info: org.openqa.selenium.chrome.ChromeDriver
Command: [24d28c691ecad79aef1b8c5f4dcde77c, findElement {using=xpath, value=/html[1]/body[1]/div[2]/div[1]/div[2]/connect-platform-navigation[1]/div[1]/div[1]/div[4]/div[2]/div[2]/a[1]/div[1]/div[1]}]
Capabilities {acceptInsecureCerts: true, browserName: chrome, browserVersion: 100.0.4896.127, chrome: {chromedriverVersion: 100.0.4896.60 (6a5d10861ce8..., userDataDir: /var/folders/36/36h2rrmd10j...}, goog:chromeOptions: {debuggerAddress: localhost:51963}, javascriptEnabled: true, networkConnectionEnabled: false, pageLoadStrategy: normal, platform: MAC, platformName: MAC, proxy: Proxy(), se:cdp: ws://localhost:51963/devtoo..., se:cdpVersion: 100.0.4896.127, setWindowRect: true, strictFileInteractability: false, timeouts: {implicit: 0, pageLoad: 300000, script: 30000}, unhandledPromptBehavior: dismiss and notify, webauthn:extension:credBlob: true, webauthn:extension:largeBlob: true, webauthn:virtualAuthenticators: true}
Session ID: 24d28c691ecad79aef1b8c5f4dcde77c
at org.openqa.selenium.remote.codec.w3c.W3CHttpResponseCodec.createException(W3CHttpResponseCodec.java:200)
at org.openqa.selenium.remote.codec.w3c.W3CHttpResponseCodec.decode(W3CHttpResponseCodec.java:133)
at org.openqa.selenium.remote.codec.w3c.W3CHttpResponseCodec.decode(W3CHttpResponseCodec.java:53)
at org.openqa.selenium.remote.HttpCommandExecutor.execute(HttpCommandExecutor.java:184)
at org.openqa.selenium.remote.service.DriverCommandExecutor.invokeExecute(DriverCommandExecutor.java:167)
at org.openqa.selenium.remote.service.DriverCommandExecutor.execute(DriverCommandExecutor.java:142)
at org.openqa.selenium.remote.RemoteWebDriver.execute(RemoteWebDriver.java:558)
at org.openqa.selenium.remote.ElementLocation$ElementFinder$2.findElement(ElementLocation.java:162)
at org.openqa.selenium.remote.ElementLocation.findElement(ElementLocation.java:60)
at org.openqa.selenium.remote.RemoteWebDriver.findElement(RemoteWebDriver.java:382)
at org.openqa.selenium.remote.RemoteWebDriver.findElement(RemoteWebDriver.java:374)
at org.openqa.selenium.support.pagefactory.DefaultElementLocator.findElement(DefaultElementLocator.java:70)
at org.openqa.selenium.support.pagefactory.internal.LocatingElementHandler.invoke(LocatingElementHandler.java:39)
at com.sun.proxy.$Proxy14.click(Unknown Source)
at com.ch.pages.ProfilePage.profilemenuclick(ProfilePage.java:76)
at com.ch.tests.ProfilePageTest.profilepageMissingdata_Validation(ProfilePageTest.java:79)
at java.util.ArrayList.forEach(ArrayList.java:1259)
... Removed 31 stack frames]]>
    </failure>
  </testcase> <!-- profilepageMissingdata_Validation -->
  <testcase name="profilepage_Validation" time="15.044" classname="com.ch.tests.ProfilePageTest">
    <failure type="org.openqa.selenium.NoSuchElementException" message="no such element: Unable to locate element: {&amp;quot;method&amp;quot;:&amp;quot;xpath&amp;quot;,&amp;quot;selector&amp;quot;:&amp;quot;//span[contains(text(),&amp;apos;Menu&amp;apos;)]&amp;quot;}
  (Session info: headless chrome=100.0.4896.127)
For documentation on this error, please visit: https://selenium.dev/exceptions/#no_such_element
Build info: version: &amp;apos;4.1.2&amp;apos;, revision: &amp;apos;9a5a329c5a&amp;apos;
System info: host: &amp;apos;MLC02F62ECMD6N.cardinalhealth.net&amp;apos;, ip: &amp;apos;192.168.1.6&amp;apos;, os.name: &amp;apos;Mac OS X&amp;apos;, os.arch: &amp;apos;x86_64&amp;apos;, os.version: &amp;apos;10.16&amp;apos;, java.version: &amp;apos;1.8.0_291&amp;apos;
Driver info: org.openqa.selenium.chrome.ChromeDriver
Command: [644abcaa663969df9b1b9445084caa5a, findElement {using=xpath, value=//span[contains(text(),&amp;apos;Menu&amp;apos;)]}]
Capabilities {acceptInsecureCerts: true, browserName: chrome, browserVersion: 100.0.4896.127, chrome: {chromedriverVersion: 100.0.4896.60 (6a5d10861ce8..., userDataDir: /var/folders/36/36h2rrmd10j...}, goog:chromeOptions: {debuggerAddress: localhost:52143}, javascriptEnabled: true, networkConnectionEnabled: false, pageLoadStrategy: normal, platform: MAC, platformName: MAC, proxy: Proxy(), se:cdp: ws://localhost:52143/devtoo..., se:cdpVersion: 100.0.4896.127, setWindowRect: true, strictFileInteractability: false, timeouts: {implicit: 0, pageLoad: 300000, script: 30000}, unhandledPromptBehavior: dismiss and notify, webauthn:extension:credBlob: true, webauthn:extension:largeBlob: true, webauthn:virtualAuthenticators: true}
Session ID: 644abcaa663969df9b1b9445084caa5a">
      <![CDATA[org.openqa.selenium.NoSuchElementException: no such element: Unable to locate element: {"method":"xpath","selector":"//span[contains(text(),'Menu')]"}
  (Session info: headless chrome=100.0.4896.127)
For documentation on this error, please visit: https://selenium.dev/exceptions/#no_such_element
Build info: version: '4.1.2', revision: '9a5a329c5a'
System info: host: 'MLC02F62ECMD6N.cardinalhealth.net', ip: '192.168.1.6', os.name: 'Mac OS X', os.arch: 'x86_64', os.version: '10.16', java.version: '1.8.0_291'
Driver info: org.openqa.selenium.chrome.ChromeDriver
Command: [644abcaa663969df9b1b9445084caa5a, findElement {using=xpath, value=//span[contains(text(),'Menu')]}]
Capabilities {acceptInsecureCerts: true, browserName: chrome, browserVersion: 100.0.4896.127, chrome: {chromedriverVersion: 100.0.4896.60 (6a5d10861ce8..., userDataDir: /var/folders/36/36h2rrmd10j...}, goog:chromeOptions: {debuggerAddress: localhost:52143}, javascriptEnabled: true, networkConnectionEnabled: false, pageLoadStrategy: normal, platform: MAC, platformName: MAC, proxy: Proxy(), se:cdp: ws://localhost:52143/devtoo..., se:cdpVersion: 100.0.4896.127, setWindowRect: true, strictFileInteractability: false, timeouts: {implicit: 0, pageLoad: 300000, script: 30000}, unhandledPromptBehavior: dismiss and notify, webauthn:extension:credBlob: true, webauthn:extension:largeBlob: true, webauthn:virtualAuthenticators: true}
Session ID: 644abcaa663969df9b1b9445084caa5a
at org.openqa.selenium.remote.codec.w3c.W3CHttpResponseCodec.createException(W3CHttpResponseCodec.java:200)
at org.openqa.selenium.remote.codec.w3c.W3CHttpResponseCodec.decode(W3CHttpResponseCodec.java:133)
at org.openqa.selenium.remote.codec.w3c.W3CHttpResponseCodec.decode(W3CHttpResponseCodec.java:53)
at org.openqa.selenium.remote.HttpCommandExecutor.execute(HttpCommandExecutor.java:184)
at org.openqa.selenium.remote.service.DriverCommandExecutor.invokeExecute(DriverCommandExecutor.java:167)
at org.openqa.selenium.remote.service.DriverCommandExecutor.execute(DriverCommandExecutor.java:142)
at org.openqa.selenium.remote.RemoteWebDriver.execute(RemoteWebDriver.java:558)
at org.openqa.selenium.remote.ElementLocation$ElementFinder$2.findElement(ElementLocation.java:162)
at org.openqa.selenium.remote.ElementLocation.findElement(ElementLocation.java:60)
at org.openqa.selenium.remote.RemoteWebDriver.findElement(RemoteWebDriver.java:382)
at org.openqa.selenium.remote.RemoteWebDriver.findElement(RemoteWebDriver.java:374)
at org.openqa.selenium.support.pagefactory.DefaultElementLocator.findElement(DefaultElementLocator.java:70)
at org.openqa.selenium.support.pagefactory.internal.LocatingElementHandler.invoke(LocatingElementHandler.java:39)
at com.sun.proxy.$Proxy14.click(Unknown Source)
at com.ch.pages.ProfilePage.mainmenuclick(ProfilePage.java:72)
at com.ch.tests.ProfilePageTest.profilepage_Validation(ProfilePageTest.java:46)
at java.util.ArrayList.forEach(ArrayList.java:1259)
... Removed 31 stack frames]]>
    </failure>
  </testcase> <!-- profilepage_Validation -->
  <testcase name="profilepagemodify_Validation" time="5.069" classname="com.ch.tests.ProfilePageTest">
    <failure type="org.openqa.selenium.NoSuchElementException" message="no such element: Unable to locate element: {&amp;quot;method&amp;quot;:&amp;quot;xpath&amp;quot;,&amp;quot;selector&amp;quot;:&amp;quot;/html[1]/body[1]/div[2]/div[1]/div[2]/connect-platform-navigation[1]/div[1]/div[1]/div[4]/div[2]/div[2]/a[1]/div[1]/div[1]&amp;quot;}
  (Session info: headless chrome=100.0.4896.127)
For documentation on this error, please visit: https://selenium.dev/exceptions/#no_such_element
Build info: version: &amp;apos;4.1.2&amp;apos;, revision: &amp;apos;9a5a329c5a&amp;apos;
System info: host: &amp;apos;MLC02F62ECMD6N.cardinalhealth.net&amp;apos;, ip: &amp;apos;192.168.1.6&amp;apos;, os.name: &amp;apos;Mac OS X&amp;apos;, os.arch: &amp;apos;x86_64&amp;apos;, os.version: &amp;apos;10.16&amp;apos;, java.version: &amp;apos;1.8.0_291&amp;apos;
Driver info: org.openqa.selenium.chrome.ChromeDriver
Command: [f8a7b79d50f9feff2eb3c31aa124af5d, findElement {using=xpath, value=/html[1]/body[1]/div[2]/div[1]/div[2]/connect-platform-navigation[1]/div[1]/div[1]/div[4]/div[2]/div[2]/a[1]/div[1]/div[1]}]
Capabilities {acceptInsecureCerts: true, browserName: chrome, browserVersion: 100.0.4896.127, chrome: {chromedriverVersion: 100.0.4896.60 (6a5d10861ce8..., userDataDir: /var/folders/36/36h2rrmd10j...}, goog:chromeOptions: {debuggerAddress: localhost:52341}, javascriptEnabled: true, networkConnectionEnabled: false, pageLoadStrategy: normal, platform: MAC, platformName: MAC, proxy: Proxy(), se:cdp: ws://localhost:52341/devtoo..., se:cdpVersion: 100.0.4896.127, setWindowRect: true, strictFileInteractability: false, timeouts: {implicit: 0, pageLoad: 300000, script: 30000}, unhandledPromptBehavior: dismiss and notify, webauthn:extension:credBlob: true, webauthn:extension:largeBlob: true, webauthn:virtualAuthenticators: true}
Session ID: f8a7b79d50f9feff2eb3c31aa124af5d">
      <![CDATA[org.openqa.selenium.NoSuchElementException: no such element: Unable to locate element: {"method":"xpath","selector":"/html[1]/body[1]/div[2]/div[1]/div[2]/connect-platform-navigation[1]/div[1]/div[1]/div[4]/div[2]/div[2]/a[1]/div[1]/div[1]"}
  (Session info: headless chrome=100.0.4896.127)
For documentation on this error, please visit: https://selenium.dev/exceptions/#no_such_element
Build info: version: '4.1.2', revision: '9a5a329c5a'
System info: host: 'MLC02F62ECMD6N.cardinalhealth.net', ip: '192.168.1.6', os.name: 'Mac OS X', os.arch: 'x86_64', os.version: '10.16', java.version: '1.8.0_291'
Driver info: org.openqa.selenium.chrome.ChromeDriver
Command: [f8a7b79d50f9feff2eb3c31aa124af5d, findElement {using=xpath, value=/html[1]/body[1]/div[2]/div[1]/div[2]/connect-platform-navigation[1]/div[1]/div[1]/div[4]/div[2]/div[2]/a[1]/div[1]/div[1]}]
Capabilities {acceptInsecureCerts: true, browserName: chrome, browserVersion: 100.0.4896.127, chrome: {chromedriverVersion: 100.0.4896.60 (6a5d10861ce8..., userDataDir: /var/folders/36/36h2rrmd10j...}, goog:chromeOptions: {debuggerAddress: localhost:52341}, javascriptEnabled: true, networkConnectionEnabled: false, pageLoadStrategy: normal, platform: MAC, platformName: MAC, proxy: Proxy(), se:cdp: ws://localhost:52341/devtoo..., se:cdpVersion: 100.0.4896.127, setWindowRect: true, strictFileInteractability: false, timeouts: {implicit: 0, pageLoad: 300000, script: 30000}, unhandledPromptBehavior: dismiss and notify, webauthn:extension:credBlob: true, webauthn:extension:largeBlob: true, webauthn:virtualAuthenticators: true}
Session ID: f8a7b79d50f9feff2eb3c31aa124af5d
at org.openqa.selenium.remote.codec.w3c.W3CHttpResponseCodec.createException(W3CHttpResponseCodec.java:200)
at org.openqa.selenium.remote.codec.w3c.W3CHttpResponseCodec.decode(W3CHttpResponseCodec.java:133)
at org.openqa.selenium.remote.codec.w3c.W3CHttpResponseCodec.decode(W3CHttpResponseCodec.java:53)
at org.openqa.selenium.remote.HttpCommandExecutor.execute(HttpCommandExecutor.java:184)
at org.openqa.selenium.remote.service.DriverCommandExecutor.invokeExecute(DriverCommandExecutor.java:167)
at org.openqa.selenium.remote.service.DriverCommandExecutor.execute(DriverCommandExecutor.java:142)
at org.openqa.selenium.remote.RemoteWebDriver.execute(RemoteWebDriver.java:558)
at org.openqa.selenium.remote.ElementLocation$ElementFinder$2.findElement(ElementLocation.java:162)
at org.openqa.selenium.remote.ElementLocation.findElement(ElementLocation.java:60)
at org.openqa.selenium.remote.RemoteWebDriver.findElement(RemoteWebDriver.java:382)
at org.openqa.selenium.remote.RemoteWebDriver.findElement(RemoteWebDriver.java:374)
at org.openqa.selenium.support.pagefactory.DefaultElementLocator.findElement(DefaultElementLocator.java:70)
at org.openqa.selenium.support.pagefactory.internal.LocatingElementHandler.invoke(LocatingElementHandler.java:39)
at com.sun.proxy.$Proxy14.click(Unknown Source)
at com.ch.pages.ProfilePage.profilemenuclick(ProfilePage.java:76)
at com.ch.tests.ProfilePageTest.profilepagemodify_Validation(ProfilePageTest.java:60)
at java.util.ArrayList.forEach(ArrayList.java:1259)
... Removed 31 stack frames]]>
    </failure>
  </testcase> <!-- profilepagemodify_Validation -->
  <testcase name="cmrworkflowpdfdisplay_Validation" time="16.556" classname="com.ch.tests.ResourcesPageTest"/>
  <testcase name="cmrworksheetpdfdisplay_Validation" time="20.098" classname="com.ch.tests.ResourcesPageTest"/>
  <testcase name="mtmworkflowpdfdisplay_Validation" time="19.756" classname="com.ch.tests.ResourcesPageTest"/>
  <testcase name="resourcestab_Validation" time="9.896" classname="com.ch.tests.ResourcesPageTest"/>
  <testcase name="browserdisplay_Validation" time="6.358" classname="com.ch.tests.ResourcesPageTest"/>
</testsuite> <!-- Connect Platform Test -->
