<?xml version="1.0" encoding="UTF-8"?>
<!-- Generated by org.testng.reporters.JUnitXMLReporter -->
<testsuite hostname="LIND24F62ECMD6N.cardinalhealth.net" ignored="0" name="Test" tests="7" failures="2" timestamp="2021-11-09T17:28:08 IST" time="268.623" errors="0">
  <testcase name="SearchByID_Validation" time="15.758" classname="com.ch.tests.SearchPageTest"/>
  <testcase name="SearchByclaimID_Validation" time="11.86" classname="com.ch.tests.SearchPageTest"/>
  <testcase name="SearchBydob_Validation" time="15.741" classname="com.ch.tests.SearchPageTest"/>
  <testcase name="SearchBylastname_Validation" time="14.264" classname="com.ch.tests.SearchPageTest"/>
  <testcase name="SearchByphone_Validation" time="14.914" classname="com.ch.tests.SearchPageTest">
    <failure type="java.lang.AssertionError" message="expected [281-414-0571 ] but found [281-414-0571]">
      <![CDATA[java.lang.AssertionError: expected [281-414-0571 ] but found [281-414-0571]
at com.ch.tests.SearchPageTest.SearchByphone_Validation(SearchPageTest.java:65)
at java.util.ArrayList.forEach(ArrayList.java:1259)
... Removed 32 stack frames]]>
    </failure>
  </testcase> <!-- SearchByphone_Validation -->
  <testcase name="invalidSearch_Validation" time="11.509" classname="com.ch.tests.SearchPageTest">
    <failure type="java.lang.AssertionError" message="expected [No patients matched your search criteria
                                    
                                        for &amp;quot;xgfdgfd&amp;quot;
                                    
                                ] but found [No patients matched your search criteria for &amp;quot;xgfdgfd&amp;quot;]">
      <![CDATA[java.lang.AssertionError: expected [No patients matched your search criteria
                                    
                                        for "xgfdgfd"
                                    
                                ] but found [No patients matched your search criteria for "xgfdgfd"]
at com.ch.tests.SearchPageTest.invalidSearch_Validation(SearchPageTest.java:147)
at java.util.ArrayList.forEach(ArrayList.java:1259)
... Removed 32 stack frames]]>
    </failure>
  </testcase> <!-- invalidSearch_Validation -->
  <testcase name="loginTest" time="12.36" classname="com.ch.tests.LoginPageTest"/>
</testsuite> <!-- Test -->
