<?xml version="1.0" encoding="UTF-8"?>
<!-- Generated by org.testng.reporters.JUnitReportReporter -->
<testsuite skipped="0" hostname="MLC02F62ECMD6N.cardinalhealth.net" name="com.ch.tests.MTMClaimsPageTest" tests="7" failures="1" timestamp="2022-04-05T02:08:06 IST" time="195.861" errors="0">
  <testcase name="mtmclaimsscreen_validation" time="26.004" classname="com.ch.tests.MTMClaimsPageTest"/>
  <system-out/>
  <testcase name="claimsort_validation" time="23.790" classname="com.ch.tests.MTMClaimsPageTest"/>
  <system-out/>
  <testcase name="viewmtmclaims_validation" time="39.052" classname="com.ch.tests.MTMClaimsPageTest"/>
  <system-out/>
  <testcase name="defaultdropdown_validation" time="24.773" classname="com.ch.tests.MTMClaimsPageTest"/>
  <system-out/>
  <testcase name="showtwentyfiveentriesresult_validation" time="26.443" classname="com.ch.tests.MTMClaimsPageTest">
    <failure type="java.lang.AssertionError" message="expected [ 18] but found [ 25]">
      <![CDATA[java.lang.AssertionError: expected [ 18] but found [ 25]
at org.testng.Assert.fail(Assert.java:99)
at org.testng.Assert.failNotEquals(Assert.java:1037)
at org.testng.Assert.assertEqualsImpl(Assert.java:140)
at org.testng.Assert.assertEquals(Assert.java:122)
at org.testng.Assert.assertEquals(Assert.java:629)
at org.testng.Assert.assertEquals(Assert.java:639)
at com.ch.tests.MTMClaimsPageTest.showtwentyfiveentriesresult_validation(MTMClaimsPageTest.java:127)
at sun.reflect.NativeMethodAccessorImpl.invoke0(Native Method)
at sun.reflect.NativeMethodAccessorImpl.invoke(NativeMethodAccessorImpl.java:62)
at sun.reflect.DelegatingMethodAccessorImpl.invoke(DelegatingMethodAccessorImpl.java:43)
at java.lang.reflect.Method.invoke(Method.java:498)
at org.testng.internal.MethodInvocationHelper.invokeMethod(MethodInvocationHelper.java:133)
at org.testng.internal.TestInvoker.invokeMethod(TestInvoker.java:598)
at org.testng.internal.TestInvoker.invokeTestMethod(TestInvoker.java:173)
at org.testng.internal.MethodRunner.runInSequence(MethodRunner.java:46)
at org.testng.internal.TestInvoker$MethodInvocationAgent.invoke(TestInvoker.java:824)
at org.testng.internal.TestInvoker.invokeTestMethods(TestInvoker.java:146)
at org.testng.internal.TestMethodWorker.invokeTestMethods(TestMethodWorker.java:146)
at org.testng.internal.TestMethodWorker.run(TestMethodWorker.java:128)
at java.util.ArrayList.forEach(ArrayList.java:1259)
at org.testng.TestRunner.privateRun(TestRunner.java:794)
at org.testng.TestRunner.run(TestRunner.java:596)
at org.testng.SuiteRunner.runTest(SuiteRunner.java:377)
at org.testng.SuiteRunner.runSequentially(SuiteRunner.java:371)
at org.testng.SuiteRunner.privateRun(SuiteRunner.java:332)
at org.testng.SuiteRunner.run(SuiteRunner.java:276)
at org.testng.SuiteRunnerWorker.runSuite(SuiteRunnerWorker.java:53)
at org.testng.SuiteRunnerWorker.run(SuiteRunnerWorker.java:96)
at org.testng.TestNG.runSuitesSequentially(TestNG.java:1212)
at org.testng.TestNG.runSuitesLocally(TestNG.java:1134)
at org.testng.TestNG.runSuites(TestNG.java:1063)
at org.testng.TestNG.run(TestNG.java:1031)
at org.testng.remote.AbstractRemoteTestNG.run(AbstractRemoteTestNG.java:115)
at org.testng.remote.RemoteTestNG.initAndRun(RemoteTestNG.java:251)
at org.testng.remote.RemoteTestNG.main(RemoteTestNG.java:77)
]]>
    </failure>
  </testcase> <!-- showtwentyfiveentriesresult_validation -->
  <system-out/>
  <testcase name="claimstatus_validation" time="29.515" classname="com.ch.tests.MTMClaimsPageTest"/>
  <system-out/>
  <testcase name="pagination_validation" time="26.284" classname="com.ch.tests.MTMClaimsPageTest"/>
  <system-out/>
</testsuite> <!-- com.ch.tests.MTMClaimsPageTest -->
