<html>
<head>
<title>TestNG:  Connect Platform Business Test</title>
<link href="../testng.css" rel="stylesheet" type="text/css" />
<link href="../my-testng.css" rel="stylesheet" type="text/css" />

<style type="text/css">
.log { display: none;} 
.stack-trace { display: none;} 
</style>
<script type="text/javascript">
<!--
function flip(e) {
  current = e.style.display;
  if (current == 'block') {
    e.style.display = 'none';
    return 0;
  }
  else {
    e.style.display = 'block';
    return 1;
  }
}

function toggleBox(szDivId, elem, msg1, msg2)
{
  var res = -1;  if (document.getElementById) {
    res = flip(document.getElementById(szDivId));
  }
  else if (document.all) {
    // this is the way old msie versions work
    res = flip(document.all[szDivId]);
  }
  if(elem) {
    if(res == 0) elem.innerHTML = msg1; else elem.innerHTML = msg2;
  }

}

function toggleAllBoxes() {
  if (document.getElementsByTagName) {
    d = document.getElementsByTagName('div');
    for (i = 0; i < d.length; i++) {
      if (d[i].className == 'log') {
        flip(d[i]);
      }
    }
  }
}

// -->
</script>

</head>
<body>
<h2 align='center'>Connect Platform Business Test</h2><table border='1' align="center">
<tr>
<td>Tests passed/Failed/Skipped:</td><td>15/2/0</td>
</tr><tr>
<td>Started on:</td><td>Mon Oct 24 19:19:56 IST 2022</td>
</tr>
<tr><td>Total time:</td><td>1730 seconds (1730567 ms)</td>
</tr><tr>
<td>Included groups:</td><td></td>
</tr><tr>
<td>Excluded groups:</td><td></td>
</tr>
</table><p/>
<small><i>(Hover the method name to see the test class name)</i></small><p/>
<table width='100%' border='1' class='invocation-failed'>
<tr><td colspan='4' align='center'><b>FAILED TESTS</b></td></tr>
<tr><td><b>Test method</b></td>
<td width="30%"><b>Exception</b></td>
<td width="10%"><b>Time (seconds)</b></td>
<td><b>Instance</b></td>
</tr>
<tr>
<td title='com.ch.tests.CMRPageTest1.validatesubmitcliam_unabletoreach_CMR()'><b>validatesubmitcliam_unabletoreach_CMR</b><br>Test class: com.ch.tests.CMRPageTest1<br>Test method: Verification of submitting a claim as unable to reach- CMR workflow</td>
<td><div><pre>org.openqa.selenium.NoSuchElementException: no such element: Unable to locate element: {&quot;method&quot;:&quot;xpath&quot;,&quot;selector&quot;:&quot;/html/body/div[2]/div/div[4]/div[1]/table/tbody/tr/td[6]/div&quot;}
  (Session info: chrome=106.0.5249.119)
For documentation on this error, please visit: https://selenium.dev/exceptions/#no_such_element
Build info: version: &apos;4.1.2&apos;, revision: &apos;9a5a329c5a&apos;
System info: host: &apos;MLC02F62ECMD6N.cardinalhealth.net&apos;, ip: &apos;192.168.1.2&apos;, os.name: &apos;Mac OS X&apos;, os.arch: &apos;x86_64&apos;, os.version: &apos;10.16&apos;, java.version: &apos;1.8.0_291&apos;
Driver info: org.openqa.selenium.chrome.ChromeDriver
Command: [947dc08424159207606711ee9104dc75, findElement {using=xpath, value=/html/body/div[2]/div/div[4]/div[1]/table/tbody/tr/td[6]/div}]
Capabilities {acceptInsecureCerts: true, browserName: chrome, browserVersion: 106.0.5249.119, chrome: {chromedriverVersion: 106.0.5249.61 (511755355844..., userDataDir: /var/folders/36/36h2rrmd10j...}, goog:chromeOptions: {debuggerAddress: localhost:62287}, javascriptEnabled: true, networkConnectionEnabled: false, pageLoadStrategy: normal, platform: MAC, platformName: MAC, proxy: Proxy(), se:cdp: ws://localhost:62287/devtoo..., se:cdpVersion: 106.0.5249.119, setWindowRect: true, strictFileInteractability: false, timeouts: {implicit: 0, pageLoad: 300000, script: 30000}, unhandledPromptBehavior: dismiss and notify, webauthn:extension:credBlob: true, webauthn:extension:largeBlob: true, webauthn:virtualAuthenticators: true}
Session ID: 947dc08424159207606711ee9104dc75
	at org.openqa.selenium.remote.codec.w3c.W3CHttpResponseCodec.createException(W3CHttpResponseCodec.java:200)
	at org.openqa.selenium.remote.codec.w3c.W3CHttpResponseCodec.decode(W3CHttpResponseCodec.java:133)
	at org.openqa.selenium.remote.codec.w3c.W3CHttpResponseCodec.decode(W3CHttpResponseCodec.java:53)
	at org.openqa.selenium.remote.HttpCommandExecutor.execute(HttpCommandExecutor.java:184)
	at org.openqa.selenium.remote.service.DriverCommandExecutor.invokeExecute(DriverCommandExecutor.java:167)
	at org.openqa.selenium.remote.service.DriverCommandExecutor.execute(DriverCommandExecutor.java:142)
	at org.openqa.selenium.remote.RemoteWebDriver.execute(RemoteWebDriver.java:558)
	at org.openqa.selenium.remote.ElementLocation$ElementFinder$2.findElement(ElementLocation.java:162)
	at org.openqa.selenium.remote.ElementLocation.findElement(ElementLocation.java:60)
	at org.openqa.selenium.remote.RemoteWebDriver.findElement(RemoteWebDriver.java:382)
	at org.openqa.selenium.remote.RemoteWebDriver.findElement(RemoteWebDriver.java:374)
	at org.openqa.selenium.support.pagefactory.DefaultElementLocator.findElement(DefaultElementLocator.java:70)
	at org.openqa.selenium.support.pagefactory.internal.LocatingElementHandler.invoke(LocatingElementHandler.java:39)
	at com.sun.proxy.$Proxy14.click(Unknown Source)
	at com.ch.pages.ClaimsSubmissionPage.deleteclaimrow_click(ClaimsSubmissionPage.java:471)
	at com.ch.tests.CMRPageTest1.validatesubmitcliam_unabletoreach_CMR(CMRPageTest1.java:225)
	at java.util.ArrayList.forEach(ArrayList.java:1259)
... Removed 31 stack frames</pre></div><a href='#' onClick='toggleBox("stack-trace1965298268", this, "Click to show all stack frames", "Click to hide stack frames")'>Click to show all stack frames</a>
<div class='stack-trace' id='stack-trace1965298268'><pre>org.openqa.selenium.NoSuchElementException: no such element: Unable to locate element: {&quot;method&quot;:&quot;xpath&quot;,&quot;selector&quot;:&quot;/html/body/div[2]/div/div[4]/div[1]/table/tbody/tr/td[6]/div&quot;}
  (Session info: chrome=106.0.5249.119)
For documentation on this error, please visit: https://selenium.dev/exceptions/#no_such_element
Build info: version: &apos;4.1.2&apos;, revision: &apos;9a5a329c5a&apos;
System info: host: &apos;MLC02F62ECMD6N.cardinalhealth.net&apos;, ip: &apos;192.168.1.2&apos;, os.name: &apos;Mac OS X&apos;, os.arch: &apos;x86_64&apos;, os.version: &apos;10.16&apos;, java.version: &apos;1.8.0_291&apos;
Driver info: org.openqa.selenium.chrome.ChromeDriver
Command: [947dc08424159207606711ee9104dc75, findElement {using=xpath, value=/html/body/div[2]/div/div[4]/div[1]/table/tbody/tr/td[6]/div}]
Capabilities {acceptInsecureCerts: true, browserName: chrome, browserVersion: 106.0.5249.119, chrome: {chromedriverVersion: 106.0.5249.61 (511755355844..., userDataDir: /var/folders/36/36h2rrmd10j...}, goog:chromeOptions: {debuggerAddress: localhost:62287}, javascriptEnabled: true, networkConnectionEnabled: false, pageLoadStrategy: normal, platform: MAC, platformName: MAC, proxy: Proxy(), se:cdp: ws://localhost:62287/devtoo..., se:cdpVersion: 106.0.5249.119, setWindowRect: true, strictFileInteractability: false, timeouts: {implicit: 0, pageLoad: 300000, script: 30000}, unhandledPromptBehavior: dismiss and notify, webauthn:extension:credBlob: true, webauthn:extension:largeBlob: true, webauthn:virtualAuthenticators: true}
Session ID: 947dc08424159207606711ee9104dc75
	at sun.reflect.NativeConstructorAccessorImpl.newInstance0(Native Method)
	at sun.reflect.NativeConstructorAccessorImpl.newInstance(NativeConstructorAccessorImpl.java:62)
	at sun.reflect.DelegatingConstructorAccessorImpl.newInstance(DelegatingConstructorAccessorImpl.java:45)
	at java.lang.reflect.Constructor.newInstance(Constructor.java:423)
	at org.openqa.selenium.remote.codec.w3c.W3CHttpResponseCodec.createException(W3CHttpResponseCodec.java:200)
	at org.openqa.selenium.remote.codec.w3c.W3CHttpResponseCodec.decode(W3CHttpResponseCodec.java:133)
	at org.openqa.selenium.remote.codec.w3c.W3CHttpResponseCodec.decode(W3CHttpResponseCodec.java:53)
	at org.openqa.selenium.remote.HttpCommandExecutor.execute(HttpCommandExecutor.java:184)
	at org.openqa.selenium.remote.service.DriverCommandExecutor.invokeExecute(DriverCommandExecutor.java:167)
	at org.openqa.selenium.remote.service.DriverCommandExecutor.execute(DriverCommandExecutor.java:142)
	at org.openqa.selenium.remote.RemoteWebDriver.execute(RemoteWebDriver.java:558)
	at org.openqa.selenium.remote.ElementLocation$ElementFinder$2.findElement(ElementLocation.java:162)
	at org.openqa.selenium.remote.ElementLocation.findElement(ElementLocation.java:60)
	at org.openqa.selenium.remote.RemoteWebDriver.findElement(RemoteWebDriver.java:382)
	at org.openqa.selenium.remote.RemoteWebDriver.findElement(RemoteWebDriver.java:374)
	at org.openqa.selenium.support.pagefactory.DefaultElementLocator.findElement(DefaultElementLocator.java:70)
	at org.openqa.selenium.support.pagefactory.internal.LocatingElementHandler.invoke(LocatingElementHandler.java:39)
	at com.sun.proxy.$Proxy14.click(Unknown Source)
	at com.ch.pages.ClaimsSubmissionPage.deleteclaimrow_click(ClaimsSubmissionPage.java:471)
	at com.ch.tests.CMRPageTest1.validatesubmitcliam_unabletoreach_CMR(CMRPageTest1.java:225)
	at sun.reflect.NativeMethodAccessorImpl.invoke0(Native Method)
	at sun.reflect.NativeMethodAccessorImpl.invoke(NativeMethodAccessorImpl.java:62)
	at sun.reflect.DelegatingMethodAccessorImpl.invoke(DelegatingMethodAccessorImpl.java:43)
	at java.lang.reflect.Method.invoke(Method.java:498)
	at org.testng.internal.MethodInvocationHelper.invokeMethod(MethodInvocationHelper.java:133)
	at org.testng.internal.TestInvoker.invokeMethod(TestInvoker.java:598)
	at org.testng.internal.TestInvoker.invokeTestMethod(TestInvoker.java:173)
	at org.testng.internal.MethodRunner.runInSequence(MethodRunner.java:46)
	at org.testng.internal.TestInvoker$MethodInvocationAgent.invoke(TestInvoker.java:824)
	at org.testng.internal.TestInvoker.invokeTestMethods(TestInvoker.java:146)
	at org.testng.internal.TestMethodWorker.invokeTestMethods(TestMethodWorker.java:146)
	at org.testng.internal.TestMethodWorker.run(TestMethodWorker.java:128)
	at java.util.ArrayList.forEach(ArrayList.java:1259)
	at org.testng.TestRunner.privateRun(TestRunner.java:794)
	at org.testng.TestRunner.run(TestRunner.java:596)
	at org.testng.SuiteRunner.runTest(SuiteRunner.java:377)
	at org.testng.SuiteRunner.runSequentially(SuiteRunner.java:371)
	at org.testng.SuiteRunner.privateRun(SuiteRunner.java:332)
	at org.testng.SuiteRunner.run(SuiteRunner.java:276)
	at org.testng.SuiteRunnerWorker.runSuite(SuiteRunnerWorker.java:53)
	at org.testng.SuiteRunnerWorker.run(SuiteRunnerWorker.java:96)
	at org.testng.TestNG.runSuitesSequentially(TestNG.java:1212)
	at org.testng.TestNG.runSuitesLocally(TestNG.java:1134)
	at org.testng.TestNG.runSuites(TestNG.java:1063)
	at org.testng.TestNG.run(TestNG.java:1031)
	at org.testng.remote.AbstractRemoteTestNG.run(AbstractRemoteTestNG.java:115)
	at org.testng.remote.RemoteTestNG.initAndRun(RemoteTestNG.java:251)
	at org.testng.remote.RemoteTestNG.main(RemoteTestNG.java:77)
</pre></div></td>
<td>78</td>
<td>com.ch.tests.CMRPageTest1@6dde5c8c</td></tr>
<tr>
<td title='com.ch.tests.DashboardPageTest.dashboardpagemultiplesearch_validation()'><b>dashboardpagemultiplesearch_validation</b><br>Test class: com.ch.tests.DashboardPageTest<br>Test method: Verify search by lastname, dob and id in the dashboard screen</td>
<td><div><pre>java.lang.NullPointerException
	at com.ch.tests.DashboardPageTest.dashboardpagemultiplesearch_validation(DashboardPageTest.java:69)
	at java.util.ArrayList.forEach(ArrayList.java:1259)
... Removed 27 stack frames</pre></div><a href='#' onClick='toggleBox("stack-trace1386020581", this, "Click to show all stack frames", "Click to hide stack frames")'>Click to show all stack frames</a>
<div class='stack-trace' id='stack-trace1386020581'><pre>java.lang.NullPointerException
	at com.ch.tests.DashboardPageTest.dashboardpagemultiplesearch_validation(DashboardPageTest.java:69)
	at sun.reflect.NativeMethodAccessorImpl.invoke0(Native Method)
	at sun.reflect.NativeMethodAccessorImpl.invoke(NativeMethodAccessorImpl.java:62)
	at sun.reflect.DelegatingMethodAccessorImpl.invoke(DelegatingMethodAccessorImpl.java:43)
	at java.lang.reflect.Method.invoke(Method.java:498)
	at org.testng.internal.MethodInvocationHelper.invokeMethod(MethodInvocationHelper.java:133)
	at org.testng.internal.TestInvoker.invokeMethod(TestInvoker.java:598)
	at org.testng.internal.TestInvoker.invokeTestMethod(TestInvoker.java:173)
	at org.testng.internal.MethodRunner.runInSequence(MethodRunner.java:46)
	at org.testng.internal.TestInvoker$MethodInvocationAgent.invoke(TestInvoker.java:824)
	at org.testng.internal.TestInvoker.invokeTestMethods(TestInvoker.java:146)
	at org.testng.internal.TestMethodWorker.invokeTestMethods(TestMethodWorker.java:146)
	at org.testng.internal.TestMethodWorker.run(TestMethodWorker.java:128)
	at java.util.ArrayList.forEach(ArrayList.java:1259)
	at org.testng.TestRunner.privateRun(TestRunner.java:794)
	at org.testng.TestRunner.run(TestRunner.java:596)
	at org.testng.SuiteRunner.runTest(SuiteRunner.java:377)
	at org.testng.SuiteRunner.runSequentially(SuiteRunner.java:371)
	at org.testng.SuiteRunner.privateRun(SuiteRunner.java:332)
	at org.testng.SuiteRunner.run(SuiteRunner.java:276)
	at org.testng.SuiteRunnerWorker.runSuite(SuiteRunnerWorker.java:53)
	at org.testng.SuiteRunnerWorker.run(SuiteRunnerWorker.java:96)
	at org.testng.TestNG.runSuitesSequentially(TestNG.java:1212)
	at org.testng.TestNG.runSuitesLocally(TestNG.java:1134)
	at org.testng.TestNG.runSuites(TestNG.java:1063)
	at org.testng.TestNG.run(TestNG.java:1031)
	at org.testng.remote.AbstractRemoteTestNG.run(AbstractRemoteTestNG.java:115)
	at org.testng.remote.RemoteTestNG.initAndRun(RemoteTestNG.java:251)
	at org.testng.remote.RemoteTestNG.main(RemoteTestNG.java:77)
</pre></div></td>
<td>2</td>
<td>com.ch.tests.DashboardPageTest@a74868d</td></tr>
</table><p>
<table width='100%' border='1' class='invocation-passed'>
<tr><td colspan='4' align='center'><b>PASSED TESTS</b></td></tr>
<tr><td><b>Test method</b></td>
<td width="30%"><b>Exception</b></td>
<td width="10%"><b>Time (seconds)</b></td>
<td><b>Instance</b></td>
</tr>
<tr>
<td title='com.ch.tests.CMRPageTest1.validatecancelledCMR()'><b>validatecancelledCMR</b><br>Test class: com.ch.tests.CMRPageTest1<br>Test method: Verification of the cancelled CMR workflow</td>
<td></td>
<td>28</td>
<td>com.ch.tests.CMRPageTest1@6dde5c8c</td></tr>
<tr>
<td title='com.ch.tests.CMRPageTest1.validateScheduledCMR_futuredate()'><b>validateScheduledCMR_futuredate</b><br>Test class: com.ch.tests.CMRPageTest1<br>Test method: Verification of the Scheduled CMR for future date</td>
<td></td>
<td>26</td>
<td>com.ch.tests.CMRPageTest1@6dde5c8c</td></tr>
<tr>
<td title='com.ch.tests.UnfinishedClaimsPageTest.unfinishedclaims_successfulValidation1()'><b>unfinishedclaims_successfulValidation1</b><br>Test class: com.ch.tests.UnfinishedClaimsPageTest<br>Test method: Verification of successful submission of unfinished clams workflow</td>
<td></td>
<td>130</td>
<td>com.ch.tests.UnfinishedClaimsPageTest@17211155</td></tr>
<tr>
<td title='com.ch.tests.PrescriberfaxPageTest.saveddocument_prescriberfax_validation()'><b>saveddocument_prescriberfax_validation</b><br>Test class: com.ch.tests.PrescriberfaxPageTest<br>Test method: Verify saved documents in prescriber fax page</td>
<td></td>
<td>70</td>
<td>com.ch.tests.PrescriberfaxPageTest@7a36aefa</td></tr>
<tr>
<td title='com.ch.tests.ClaimsSubmissionPageTest.submissionandcancellationofClaims_validation()'><b>submissionandcancellationofClaims_validation</b><br>Test class: com.ch.tests.ClaimsSubmissionPageTest<br>Test method: Validation of Claims Submission and cancel claim </td>
<td></td>
<td>102</td>
<td>com.ch.tests.ClaimsSubmissionPageTest@5d11346a</td></tr>
<tr>
<td title='com.ch.tests.CMRPageTest1.validatesubmitclaim_patientrefused_receivedservice_CMR()'><b>validatesubmitclaim_patientrefused_receivedservice_CMR</b><br>Test class: com.ch.tests.CMRPageTest1<br>Test method: Verification of submitting a claim as patient refused they already received the service- CMR workflow</td>
<td></td>
<td>64</td>
<td>com.ch.tests.CMRPageTest1@6dde5c8c</td></tr>
<tr>
<td title='com.ch.tests.CMRPageTest1.validatesubmitclaim_patientrefused_notime_CMR()'><b>validatesubmitclaim_patientrefused_notime_CMR</b><br>Test class: com.ch.tests.CMRPageTest1<br>Test method: Verification of submitting a claim as patient refused they do not have time- CMR workflow</td>
<td></td>
<td>70</td>
<td>com.ch.tests.CMRPageTest1@6dde5c8c</td></tr>
<tr>
<td title='com.ch.tests.PatientNotesPageTest.addeditdelete_patientnotes_validation()'><b>addeditdelete_patientnotes_validation</b><br>Test class: com.ch.tests.PatientNotesPageTest<br>Test method: Add/edit/delete patient notes successfully</td>
<td></td>
<td>36</td>
<td>com.ch.tests.PatientNotesPageTest@2fd66ad3</td></tr>
<tr>
<td title='com.ch.tests.CMRPageTest1.validateCMR_DeliveryMethod_videoconference()'><b>validateCMR_DeliveryMethod_videoconference</b><br>Test class: com.ch.tests.CMRPageTest1<br>Test method: Verification of CMR workflow using Video conference delivery method</td>
<td></td>
<td>164</td>
<td>com.ch.tests.CMRPageTest1@6dde5c8c</td></tr>
<tr>
<td title='com.ch.tests.CMRPageTest1.validatesubmitclaim_patientrefused_unwilling_CMR()'><b>validatesubmitclaim_patientrefused_unwilling_CMR</b><br>Test class: com.ch.tests.CMRPageTest1<br>Test method: Verification of submitting a claim as patient refused they are unwilling- CMR workflow</td>
<td></td>
<td>69</td>
<td>com.ch.tests.CMRPageTest1@6dde5c8c</td></tr>
<tr>
<td title='com.ch.tests.PrescriberfaxPageTest.addingrecommendations_prescriberfax_validation()'><b>addingrecommendations_prescriberfax_validation</b><br>Test class: com.ch.tests.PrescriberfaxPageTest<br>Test method: Verify addingrecommendations and pdf validation</td>
<td></td>
<td>77</td>
<td>com.ch.tests.PrescriberfaxPageTest@7a36aefa</td></tr>
<tr>
<td title='com.ch.tests.TIPPageTest.tiptest_nointerventionneededtip()'><b>tiptest_nointerventionneededtip</b><br>Test class: com.ch.tests.TIPPageTest<br>Test method: Verification of No Intervention needed tip TIP Workflow</td>
<td></td>
<td>28</td>
<td>com.ch.tests.TIPPageTest@5123a213</td></tr>
<tr>
<td title='com.ch.tests.PrescriberfaxPageTest.previewdocument_prescriberfax_validation()'><b>previewdocument_prescriberfax_validation</b><br>Test class: com.ch.tests.PrescriberfaxPageTest<br>Test method: Verify preview document in prescriber fax page</td>
<td></td>
<td>73</td>
<td>com.ch.tests.PrescriberfaxPageTest@7a36aefa</td></tr>
<tr>
<td title='com.ch.tests.CMRPageTest1.validateschedulingappointment_currentdate()'><b>validateschedulingappointment_currentdate</b><br>Test class: com.ch.tests.CMRPageTest1<br>Test method: Verification of scheduled cmr for current date</td>
<td></td>
<td>17</td>
<td>com.ch.tests.CMRPageTest1@6dde5c8c</td></tr>
<tr>
<td title='com.ch.tests.CMRPageTest1.validate_waitingforresponse_CMR()'><b>validate_waitingforresponse_CMR</b><br>Test class: com.ch.tests.CMRPageTest1<br>Test method: Verification of contacting and waiting for patient response workflow</td>
<td></td>
<td>15</td>
<td>com.ch.tests.CMRPageTest1@6dde5c8c</td></tr>
</table><p>
</body>
</html>