<?xml version="1.0" encoding="UTF-8"?>
<!-- Generated by org.testng.reporters.JUnitXMLReporter -->
<testsuite hostname="MLC02F62ECMD6N.cardinalhealth.net" ignored="0" name="Connect Platform Business Test" tests="17" failures="2" timestamp="2022-10-24T19:48:47 IST" time="1730.567" errors="0">
  <testcase name="dashboardpagemultiplesearch_validation" time="2.542" classname="com.ch.tests.DashboardPageTest">
    <failure type="java.lang.NullPointerException">
      <![CDATA[java.lang.NullPointerException
at com.ch.tests.DashboardPageTest.dashboardpagemultiplesearch_validation(DashboardPageTest.java:69)
at java.util.ArrayList.forEach(ArrayList.java:1259)
... Removed 27 stack frames]]>
    </failure>
  </testcase> <!-- dashboardpagemultiplesearch_validation -->
  <testcase name="addeditdelete_patientnotes_validation" time="36.107" classname="com.ch.tests.PatientNotesPageTest"/>
  <testcase name="submissionandcancellationofClaims_validation" time="102.919" classname="com.ch.tests.ClaimsSubmissionPageTest"/>
  <testcase name="addingrecommendations_prescriberfax_validation" time="77.274" classname="com.ch.tests.PrescriberfaxPageTest"/>
  <testcase name="previewdocument_prescriberfax_validation" time="73.771" classname="com.ch.tests.PrescriberfaxPageTest"/>
  <testcase name="saveddocument_prescriberfax_validation" time="70.231" classname="com.ch.tests.PrescriberfaxPageTest"/>
  <testcase name="unfinishedclaims_successfulValidation1" time="130.651" classname="com.ch.tests.UnfinishedClaimsPageTest"/>
  <testcase name="validateCMR_DeliveryMethod_videoconference" time="164.777" classname="com.ch.tests.CMRPageTest1"/>
  <testcase name="validateScheduledCMR_futuredate" time="26.062" classname="com.ch.tests.CMRPageTest1"/>
  <testcase name="validatesubmitclaim_patientrefused_notime_CMR" time="70.697" classname="com.ch.tests.CMRPageTest1"/>
  <testcase name="validatesubmitclaim_patientrefused_receivedservice_CMR" time="64.957" classname="com.ch.tests.CMRPageTest1"/>
  <testcase name="validatesubmitclaim_patientrefused_unwilling_CMR" time="69.157" classname="com.ch.tests.CMRPageTest1"/>
  <testcase name="validatesubmitcliam_unabletoreach_CMR" time="78.558" classname="com.ch.tests.CMRPageTest1">
    <failure type="org.openqa.selenium.NoSuchElementException" message="no such element: Unable to locate element: {&amp;quot;method&amp;quot;:&amp;quot;xpath&amp;quot;,&amp;quot;selector&amp;quot;:&amp;quot;/html/body/div[2]/div/div[4]/div[1]/table/tbody/tr/td[6]/div&amp;quot;}
  (Session info: chrome=106.0.5249.119)
For documentation on this error, please visit: https://selenium.dev/exceptions/#no_such_element
Build info: version: &amp;apos;4.1.2&amp;apos;, revision: &amp;apos;9a5a329c5a&amp;apos;
System info: host: &amp;apos;MLC02F62ECMD6N.cardinalhealth.net&amp;apos;, ip: &amp;apos;192.168.1.2&amp;apos;, os.name: &amp;apos;Mac OS X&amp;apos;, os.arch: &amp;apos;x86_64&amp;apos;, os.version: &amp;apos;10.16&amp;apos;, java.version: &amp;apos;1.8.0_291&amp;apos;
Driver info: org.openqa.selenium.chrome.ChromeDriver
Command: [947dc08424159207606711ee9104dc75, findElement {using=xpath, value=/html/body/div[2]/div/div[4]/div[1]/table/tbody/tr/td[6]/div}]
Capabilities {acceptInsecureCerts: true, browserName: chrome, browserVersion: 106.0.5249.119, chrome: {chromedriverVersion: 106.0.5249.61 (511755355844..., userDataDir: /var/folders/36/36h2rrmd10j...}, goog:chromeOptions: {debuggerAddress: localhost:62287}, javascriptEnabled: true, networkConnectionEnabled: false, pageLoadStrategy: normal, platform: MAC, platformName: MAC, proxy: Proxy(), se:cdp: ws://localhost:62287/devtoo..., se:cdpVersion: 106.0.5249.119, setWindowRect: true, strictFileInteractability: false, timeouts: {implicit: 0, pageLoad: 300000, script: 30000}, unhandledPromptBehavior: dismiss and notify, webauthn:extension:credBlob: true, webauthn:extension:largeBlob: true, webauthn:virtualAuthenticators: true}
Session ID: 947dc08424159207606711ee9104dc75">
      <![CDATA[org.openqa.selenium.NoSuchElementException: no such element: Unable to locate element: {"method":"xpath","selector":"/html/body/div[2]/div/div[4]/div[1]/table/tbody/tr/td[6]/div"}
  (Session info: chrome=106.0.5249.119)
For documentation on this error, please visit: https://selenium.dev/exceptions/#no_such_element
Build info: version: '4.1.2', revision: '9a5a329c5a'
System info: host: 'MLC02F62ECMD6N.cardinalhealth.net', ip: '192.168.1.2', os.name: 'Mac OS X', os.arch: 'x86_64', os.version: '10.16', java.version: '1.8.0_291'
Driver info: org.openqa.selenium.chrome.ChromeDriver
Command: [947dc08424159207606711ee9104dc75, findElement {using=xpath, value=/html/body/div[2]/div/div[4]/div[1]/table/tbody/tr/td[6]/div}]
Capabilities {acceptInsecureCerts: true, browserName: chrome, browserVersion: 106.0.5249.119, chrome: {chromedriverVersion: 106.0.5249.61 (511755355844..., userDataDir: /var/folders/36/36h2rrmd10j...}, goog:chromeOptions: {debuggerAddress: localhost:62287}, javascriptEnabled: true, networkConnectionEnabled: false, pageLoadStrategy: normal, platform: MAC, platformName: MAC, proxy: Proxy(), se:cdp: ws://localhost:62287/devtoo..., se:cdpVersion: 106.0.5249.119, setWindowRect: true, strictFileInteractability: false, timeouts: {implicit: 0, pageLoad: 300000, script: 30000}, unhandledPromptBehavior: dismiss and notify, webauthn:extension:credBlob: true, webauthn:extension:largeBlob: true, webauthn:virtualAuthenticators: true}
Session ID: 947dc08424159207606711ee9104dc75
at org.openqa.selenium.remote.codec.w3c.W3CHttpResponseCodec.createException(W3CHttpResponseCodec.java:200)
at org.openqa.selenium.remote.codec.w3c.W3CHttpResponseCodec.decode(W3CHttpResponseCodec.java:133)
at org.openqa.selenium.remote.codec.w3c.W3CHttpResponseCodec.decode(W3CHttpResponseCodec.java:53)
at org.openqa.selenium.remote.HttpCommandExecutor.execute(HttpCommandExecutor.java:184)
at org.openqa.selenium.remote.service.DriverCommandExecutor.invokeExecute(DriverCommandExecutor.java:167)
at org.openqa.selenium.remote.service.DriverCommandExecutor.execute(DriverCommandExecutor.java:142)
at org.openqa.selenium.remote.RemoteWebDriver.execute(RemoteWebDriver.java:558)
at org.openqa.selenium.remote.ElementLocation$ElementFinder$2.findElement(ElementLocation.java:162)
at org.openqa.selenium.remote.ElementLocation.findElement(ElementLocation.java:60)
at org.openqa.selenium.remote.RemoteWebDriver.findElement(RemoteWebDriver.java:382)
at org.openqa.selenium.remote.RemoteWebDriver.findElement(RemoteWebDriver.java:374)
at org.openqa.selenium.support.pagefactory.DefaultElementLocator.findElement(DefaultElementLocator.java:70)
at org.openqa.selenium.support.pagefactory.internal.LocatingElementHandler.invoke(LocatingElementHandler.java:39)
at com.sun.proxy.$Proxy14.click(Unknown Source)
at com.ch.pages.ClaimsSubmissionPage.deleteclaimrow_click(ClaimsSubmissionPage.java:471)
at com.ch.tests.CMRPageTest1.validatesubmitcliam_unabletoreach_CMR(CMRPageTest1.java:225)
at java.util.ArrayList.forEach(ArrayList.java:1259)
... Removed 31 stack frames]]>
    </failure>
  </testcase> <!-- validatesubmitcliam_unabletoreach_CMR -->
  <testcase name="validateschedulingappointment_currentdate" time="17.983" classname="com.ch.tests.CMRPageTest1"/>
  <testcase name="validate_waitingforresponse_CMR" time="15.518" classname="com.ch.tests.CMRPageTest1"/>
  <testcase name="validatecancelledCMR" time="28.784" classname="com.ch.tests.CMRPageTest1"/>
  <testcase name="tiptest_nointerventionneededtip" time="28.387" classname="com.ch.tests.TIPPageTest"/>
</testsuite> <!-- Connect Platform Business Test -->
