<?xml version="1.0" encoding="UTF-8"?>
<!-- Generated by org.testng.reporters.JUnitXMLReporter -->
<testsuite hostname="MLC02D63J8MD6R.cardinalhealth.net" ignored="0" name="Connect Platform Internal Business Validation Test" tests="27" failures="1" timestamp="2022-07-05T08:43:44 EDT" time="844.355" errors="0">
  <testcase name="dxrulesengine_addrule_Validation" time="8.518" classname="com.ch.tests.DxRulesEnginePageTest"/>
  <testcase name="dxrulesengine_exportindividualrule_Validation" time="12.508" classname="com.ch.tests.DxRulesEnginePageTest"/>
  <testcase name="Medicalrulesengine_addrule_Validation" time="18.483" classname="com.ch.tests.MedicalRulesEnginePageTest"/>
  <testcase name="Medicalrulesengine_editrule_Validation" time="10.96" classname="com.ch.tests.MedicalRulesEnginePageTest"/>
  <testcase name="Medicalrulesengine_exportall_Validation" time="10.229" classname="com.ch.tests.MedicalRulesEnginePageTest"/>
  <testcase name="Medicalrulesengine_exportindividualrule_Validation" time="15.166" classname="com.ch.tests.MedicalRulesEnginePageTest"/>
  <testcase name="rxrulesengine_addrule_Validation" time="12.829" classname="com.ch.tests.RxRulesEnginePageTest"/>
  <testcase name="Medicalrulesengine_editrule_Validation" time="10.831" classname="com.ch.tests.RxRulesEnginePageTest"/>
  <testcase name="rxrulesengine_exportrule_Validation" time="20.525" classname="com.ch.tests.RxRulesEnginePageTest"/>
  <testcase name="reasoncodeview_Validation" time="1.248" classname="com.ch.tests.ReasoncodeTIPconfigurationPageTest"/>
  <testcase name="addeditdelete_alternativetip_Validation" time="18.952" classname="com.ch.tests.TIPEnginePageTest"/>
  <testcase name="editcopiedtip_Validation" time="10.508" classname="com.ch.tests.TIPEnginePageTest"/>
  <testcase name="tipEngine_createedittipbuildererror_Validation" time="4.471" classname="com.ch.tests.TIPEnginePageTest">
    <failure type="org.openqa.selenium.ElementClickInterceptedException" message="element click intercepted: Element &amp;lt;span&amp;gt;...&amp;lt;/span&amp;gt; is not clickable at point (385, 12). Other element would receive the click: &amp;lt;div class=&amp;quot;collapse navbar-collapse&amp;quot; id=&amp;quot;bs-example-navbar-collapse-1&amp;quot;&amp;gt;...&amp;lt;/div&amp;gt;
  (Session info: chrome=102.0.5005.61)
Build info: version: &amp;apos;4.1.2&amp;apos;, revision: &amp;apos;9a5a329c5a&amp;apos;
System info: host: &amp;apos;MLC02D63J8MD6R.cardinalhealth.net&amp;apos;, ip: &amp;apos;192.168.0.51&amp;apos;, os.name: &amp;apos;Mac OS X&amp;apos;, os.arch: &amp;apos;x86_64&amp;apos;, os.version: &amp;apos;10.16&amp;apos;, java.version: &amp;apos;1.8.0_282&amp;apos;
Driver info: org.openqa.selenium.chrome.ChromeDriver
Command: [06d872103d4f811d33e5322dafc96a0d, clickElement {id=cfe7abf3-cc4b-48d5-a429-3d3301fa76ba}]
Capabilities {acceptInsecureCerts: true, browserName: chrome, browserVersion: 102.0.5005.61, chrome: {chromedriverVersion: 102.0.5005.61 (0e59bcc00cc4..., userDataDir: /var/folders/vs/kdszgrfx62g...}, goog:chromeOptions: {debuggerAddress: localhost:56162}, javascriptEnabled: true, networkConnectionEnabled: false, pageLoadStrategy: normal, platform: MAC, platformName: MAC, proxy: Proxy(), se:cdp: ws://localhost:56162/devtoo..., se:cdpVersion: 102.0.5005.61, setWindowRect: true, strictFileInteractability: false, timeouts: {implicit: 0, pageLoad: 300000, script: 30000}, unhandledPromptBehavior: dismiss and notify, webauthn:extension:credBlob: true, webauthn:extension:largeBlob: true, webauthn:virtualAuthenticators: true}
Element: [[ChromeDriver: chrome on MAC (06d872103d4f811d33e5322dafc96a0d)] -&amp;gt; xpath: //span[contains(text(),&amp;apos;Select Action&amp;apos;)]]
Session ID: 06d872103d4f811d33e5322dafc96a0d">
      <![CDATA[org.openqa.selenium.ElementClickInterceptedException: element click intercepted: Element <span>...</span> is not clickable at point (385, 12). Other element would receive the click: <div class="collapse navbar-collapse" id="bs-example-navbar-collapse-1">...</div>
  (Session info: chrome=102.0.5005.61)
Build info: version: '4.1.2', revision: '9a5a329c5a'
System info: host: 'MLC02D63J8MD6R.cardinalhealth.net', ip: '192.168.0.51', os.name: 'Mac OS X', os.arch: 'x86_64', os.version: '10.16', java.version: '1.8.0_282'
Driver info: org.openqa.selenium.chrome.ChromeDriver
Command: [06d872103d4f811d33e5322dafc96a0d, clickElement {id=cfe7abf3-cc4b-48d5-a429-3d3301fa76ba}]
Capabilities {acceptInsecureCerts: true, browserName: chrome, browserVersion: 102.0.5005.61, chrome: {chromedriverVersion: 102.0.5005.61 (0e59bcc00cc4..., userDataDir: /var/folders/vs/kdszgrfx62g...}, goog:chromeOptions: {debuggerAddress: localhost:56162}, javascriptEnabled: true, networkConnectionEnabled: false, pageLoadStrategy: normal, platform: MAC, platformName: MAC, proxy: Proxy(), se:cdp: ws://localhost:56162/devtoo..., se:cdpVersion: 102.0.5005.61, setWindowRect: true, strictFileInteractability: false, timeouts: {implicit: 0, pageLoad: 300000, script: 30000}, unhandledPromptBehavior: dismiss and notify, webauthn:extension:credBlob: true, webauthn:extension:largeBlob: true, webauthn:virtualAuthenticators: true}
Element: [[ChromeDriver: chrome on MAC (06d872103d4f811d33e5322dafc96a0d)] -> xpath: //span[contains(text(),'Select Action')]]
Session ID: 06d872103d4f811d33e5322dafc96a0d
at org.openqa.selenium.remote.codec.w3c.W3CHttpResponseCodec.createException(W3CHttpResponseCodec.java:200)
at org.openqa.selenium.remote.codec.w3c.W3CHttpResponseCodec.decode(W3CHttpResponseCodec.java:133)
at org.openqa.selenium.remote.codec.w3c.W3CHttpResponseCodec.decode(W3CHttpResponseCodec.java:53)
at org.openqa.selenium.remote.HttpCommandExecutor.execute(HttpCommandExecutor.java:184)
at org.openqa.selenium.remote.service.DriverCommandExecutor.invokeExecute(DriverCommandExecutor.java:167)
at org.openqa.selenium.remote.service.DriverCommandExecutor.execute(DriverCommandExecutor.java:142)
at org.openqa.selenium.remote.RemoteWebDriver.execute(RemoteWebDriver.java:558)
at org.openqa.selenium.remote.RemoteWebElement.execute(RemoteWebElement.java:251)
at org.openqa.selenium.remote.RemoteWebElement.click(RemoteWebElement.java:77)
at org.openqa.selenium.support.pagefactory.internal.LocatingElementHandler.invoke(LocatingElementHandler.java:52)
at com.sun.proxy.$Proxy14.click(Unknown Source)
at com.ch.pages.TIPEnginePage.actionselect(TIPEnginePage.java:229)
at com.ch.pages.TIPEnginePage.tipdetails_input(TIPEnginePage.java:370)
at com.ch.tests.TIPEnginePageTest.tipEngine_createedittipbuildererror_Validation(TIPEnginePageTest.java:55)
at java.util.ArrayList.forEach(ArrayList.java:1259)
... Removed 34 stack frames]]>
    </failure>
  </testcase> <!-- tipEngine_createedittipbuildererror_Validation -->
  <testcase name="policyengine_associatingtip_Validation" time="25.221" classname="com.ch.tests.PolicyEnginePageTest"/>
  <testcase name="policyengine_bulktipexport_Validation" time="23.449" classname="com.ch.tests.PolicyEnginePageTest"/>
  <testcase name="policyengine_exportipfrompolicylevel_Validation" time="21.309" classname="com.ch.tests.PolicyEnginePageTest"/>
  <testcase name="policyengine_tipcustomization_Validation" time="14.912" classname="com.ch.tests.PolicyEnginePageTest"/>
  <testcase name="ninreasonsave_Validation" time="1.932" classname="com.ch.tests.NINreasonsPageTest"/>
  <testcase name="ninreasonsview_Validation" time="1.242" classname="com.ch.tests.NINreasonsPageTest"/>
  <testcase name="refusalreasonsave_Validation" time="1.924" classname="com.ch.tests.RefusalreasonPageTest"/>
  <testcase name="refusalreasonview_Validation" time="1.392" classname="com.ch.tests.RefusalreasonPageTest"/>
  <testcase name="rxeligibilitydownloadexcel_validation" time="9.713" classname="com.ch.tests.RxEligibilityPageTest"/>
  <testcase name="cmrtargetedmembersdownloadexcel_validation" time="6.46" classname="com.ch.tests.CMRtargetedmembersPageTest"/>
  <testcase name="cmrtargetedmemberspage_Validation" time="1.635" classname="com.ch.tests.CMRtargetedmembersPageTest"/>
  <testcase name="adherencepdcaddandeditrules_Validation" time="21.441" classname="com.ch.tests.AdherencePDCRulesPageTest"/>
  <testcase name="adherencepdcrules_exportexcelresults_Validation" time="10.884" classname="com.ch.tests.AdherencePDCRulesPageTest"/>
  <testcase name="tipperformance_downloadexcel_validation" time="343.797" classname="com.ch.tests.TIPPerformancePageTest"/>
</testsuite> <!-- Connect Platform Internal Business Validation Test -->
